2026-01-04 11:29:18,786 [INFO] Activator:176 - 


2026-01-04 11:29:18,787 [INFO] Activator:177 - !SESSION log4j initialized
2026-01-04 11:29:23,684 [INFO] LogOutputStream:77 - [STDOUT_REDIRECT] 
2026-01-04 11:29:26,013 [INFO] ApplicationProperties:184 - Using Application install path: C:\ST\STM32CubeIDE_1.19.0\STM32CubeIDE\plugins\com.st.stm32cube.common.mx_6.15.0.202507011659
2026-01-04 11:29:26,035 [INFO] DbMcusXml:78 - Set database path to: C:\ST\STM32CubeIDE_1.19.0\STM32CubeIDE\plugins\com.st.stm32cube.common.mx_6.15.0.202507011659\\db\/mcu/
2026-01-04 11:29:26,035 [INFO] ApiDb:274 - Set plugin database path to: C:\ST\STM32CubeIDE_1.19.0\STM32CubeIDE\plugins\com.st.stm32cube.common.mx_6.15.0.202507011659\\db\/plugins/boardmanager/
2026-01-04 11:29:26,035 [WARN] ApiDb:259 - Overriding images path with different value:  => C:\ST\STM32CubeIDE_1.19.0\STM32CubeIDE\plugins\com.st.stm32cube.common.mx_6.15.0.202507011659\\db\/plugins/mcufinder/images/
2026-01-04 11:29:26,043 [INFO] ApiDb:250 - Set database path to: C:\Users\dasre\.stmcufinder\plugins\mcufinder//mcu/
2026-01-04 11:29:26,045 [INFO] DbMcusAds:125 - Set database path to: C:\Users\dasre\.stmcufinder\plugins\mcufinder//mcu/
2026-01-04 11:29:26,050 [INFO] CrossReferenceDbSqlite:203 - Set database path to: C:\Users\dasre\.stmcufinder\plugins\mcufinder//mcu/cs/
2026-01-04 11:29:26,172 [INFO] RulesReader:64 - Compatibility file has been processed (317 Rules)
2026-01-04 11:29:26,264 [INFO] DbMcusXml:78 - Set database path to: C:\ST\STM32CubeIDE_1.19.0\STM32CubeIDE\plugins\com.st.stm32cube.common.mx_6.15.0.202507011659\\db\/mcu/
2026-01-04 11:29:26,264 [INFO] ApiDb:274 - Set plugin database path to: C:\ST\STM32CubeIDE_1.19.0\STM32CubeIDE\plugins\com.st.stm32cube.common.mx_6.15.0.202507011659\\db\/plugins/boardmanager/
2026-01-04 11:29:26,264 [INFO] ApiDb:261 - Set plugin images path to: C:\ST\STM32CubeIDE_1.19.0\STM32CubeIDE\plugins\com.st.stm32cube.common.mx_6.15.0.202507011659\\db\/plugins/mcufinder/images/
2026-01-04 11:29:26,265 [WARN] DbFile:41 - Overriding database path with different value: C:\Users\dasre\.stmcufinder\plugins\mcufinder/ => C:\Users\dasre\.stmcufinder\plugins\mcufinder
2026-01-04 11:29:26,265 [INFO] ApiDb:250 - Set database path to: C:\Users\dasre\.stmcufinder\plugins\mcufinder//mcu/
2026-01-04 11:29:26,265 [WARN] DbFile:41 - Overriding database path with different value: C:\Users\dasre\.stmcufinder\plugins\mcufinder/ => C:\Users\dasre\.stmcufinder\plugins\mcufinder
2026-01-04 11:29:26,265 [INFO] DbMcusAds:125 - Set database path to: C:\Users\dasre\.stmcufinder\plugins\mcufinder//mcu/
2026-01-04 11:29:26,265 [WARN] DbFile:41 - Overriding database path with different value: C:\Users\dasre\.stmcufinder\plugins\mcufinder/ => C:\Users\dasre\.stmcufinder\plugins\mcufinder
2026-01-04 11:29:26,265 [WARN] DbFile:41 - Overriding database path with different value: C:\Users\dasre\.stmcufinder\plugins\mcufinder/ => C:\Users\dasre\.stmcufinder\plugins\mcufinder
2026-01-04 11:29:26,266 [INFO] CrossReferenceDbSqlite:203 - Set database path to: C:\Users\dasre\.stmcufinder\plugins\mcufinder//mcu/cs/
2026-01-04 11:29:26,346 [INFO] MainPanel:274 - HeapMemory: 268435456
2026-01-04 11:29:26,427 [INFO] DbMcusXml:78 - Set database path to: C:\ST\STM32CubeIDE_1.19.0\STM32CubeIDE\plugins\com.st.stm32cube.common.mx_6.15.0.202507011659\\db\/mcu/
2026-01-04 11:29:26,427 [INFO] ApiDb:274 - Set plugin database path to: C:\ST\STM32CubeIDE_1.19.0\STM32CubeIDE\plugins\com.st.stm32cube.common.mx_6.15.0.202507011659\\db\/plugins/boardmanager/
2026-01-04 11:29:26,427 [INFO] ApiDb:261 - Set plugin images path to: C:\ST\STM32CubeIDE_1.19.0\STM32CubeIDE\plugins\com.st.stm32cube.common.mx_6.15.0.202507011659\\db\/plugins/mcufinder/images/
2026-01-04 11:29:26,427 [WARN] DbFile:41 - Overriding database path with different value: C:\Users\dasre\.stmcufinder\plugins\mcufinder/ => C:\Users\dasre\.stmcufinder\plugins\mcufinder
2026-01-04 11:29:26,428 [INFO] ApiDb:250 - Set database path to: C:\Users\dasre\.stmcufinder\plugins\mcufinder//mcu/
2026-01-04 11:29:26,428 [WARN] DbFile:41 - Overriding database path with different value: C:\Users\dasre\.stmcufinder\plugins\mcufinder/ => C:\Users\dasre\.stmcufinder\plugins\mcufinder
2026-01-04 11:29:26,428 [INFO] DbMcusAds:125 - Set database path to: C:\Users\dasre\.stmcufinder\plugins\mcufinder//mcu/
2026-01-04 11:29:26,428 [WARN] DbFile:41 - Overriding database path with different value: C:\Users\dasre\.stmcufinder\plugins\mcufinder/ => C:\Users\dasre\.stmcufinder\plugins\mcufinder
2026-01-04 11:29:26,428 [WARN] DbFile:41 - Overriding database path with different value: C:\Users\dasre\.stmcufinder\plugins\mcufinder/ => C:\Users\dasre\.stmcufinder\plugins\mcufinder
2026-01-04 11:29:26,428 [INFO] CrossReferenceDbSqlite:203 - Set database path to: C:\Users\dasre\.stmcufinder\plugins\mcufinder//mcu/cs/
2026-01-04 11:29:26,445 [INFO] ApplicationProperties:184 - Using Application install path: C:\ST\STM32CubeIDE_1.19.0\STM32CubeIDE\plugins\com.st.stm32cube.common.mx_6.15.0.202507011659
2026-01-04 11:29:26,446 [INFO] PluginManage:196 - Search for loadable plugins [exclusion list=, ]
2026-01-04 11:29:26,447 [INFO] PluginManage:310 - Check plugin analytics
2026-01-04 11:29:26,729 [INFO] AnalyticsPlugin:253 - Accepted Software Licenses: 
2026-01-04 11:29:26,729 [INFO] AnalyticsPlugin:255 - Accepted CMSIS Pack Licenses: 
2026-01-04 11:29:26,729 [INFO] AnalyticsPlugin:257 - Accepted Firmware Licenses: FW.F4.1.28.0
2026-01-04 11:29:26,733 [INFO] PluginManage:359 - Loaded plugin analytics (category:tool,tabindex:-1)
2026-01-04 11:29:26,733 [INFO] PluginManage:310 - Check plugin cadmodel
2026-01-04 11:29:26,737 [INFO] CADModel:105 - Init CAD model plugin
2026-01-04 11:29:26,737 [INFO] PluginManage:359 - Loaded plugin cadmodel (category:power,tabindex:5)
2026-01-04 11:29:26,738 [INFO] PluginManage:310 - Check plugin clock
2026-01-04 11:29:26,750 [INFO] PluginManage:359 - Loaded plugin clock (category:base,tabindex:2)
2026-01-04 11:29:26,750 [INFO] PluginManage:310 - Check plugin ddr
2026-01-04 11:29:26,754 [INFO] PluginManage:359 - Loaded plugin ddr (category:tool,tabindex:6)
2026-01-04 11:29:26,754 [INFO] PluginManage:310 - Check plugin filemanager
2026-01-04 11:29:26,886 [INFO] PluginManage:359 - Loaded plugin filemanager (category:base,tabindex:10)
2026-01-04 11:29:26,886 [INFO] PluginManage:310 - Check plugin ipmanager
2026-01-04 11:29:26,893 [INFO] PluginManage:359 - Loaded plugin ipmanager (category:base,tabindex:5)
2026-01-04 11:29:26,893 [INFO] PluginManage:310 - Check plugin lpbam
2026-01-04 11:29:26,899 [INFO] PluginManage:359 - Loaded plugin lpbam (category:base,tabindex:0)
2026-01-04 11:29:26,899 [INFO] PluginManage:310 - Check plugin memorymap
2026-01-04 11:29:26,909 [INFO] PluginManage:359 - Loaded plugin memorymap (category:base,tabindex:4)
2026-01-04 11:29:26,909 [INFO] PluginManage:310 - Check plugin pinoutandconfiguration
2026-01-04 11:29:26,916 [INFO] PluginManage:359 - Loaded plugin pinoutandconfiguration (category:base,tabindex:1)
2026-01-04 11:29:26,916 [INFO] PluginManage:310 - Check plugin pinoutconfig
2026-01-04 11:29:26,992 [WARN] SupportedApi:132 - Cannot load RTOS API schema: s4s-elt-must-match.1: The content of 'definitions' must match (annotation?, (simpleType | complexType)?, (unique | key | keyref)*)). A problem was found starting at: attribute.
2026-01-04 11:29:27,122 [INFO] PluginManage:359 - Loaded plugin pinoutconfig (category:base,tabindex:0)
2026-01-04 11:29:27,123 [INFO] PluginManage:310 - Check plugin power
2026-01-04 11:29:27,130 [INFO] PluginManage:359 - Loaded plugin power (category:power,tabindex:4)
2026-01-04 11:29:27,131 [INFO] PluginManage:310 - Check plugin projectmanager
2026-01-04 11:29:27,155 [INFO] PluginManage:359 - Loaded plugin projectmanager (category:projectmanager,tabindex:4)
2026-01-04 11:29:27,155 [INFO] PluginManage:310 - Check plugin rif
2026-01-04 11:29:27,164 [INFO] PluginManage:359 - Loaded plugin rif (category:base,tabindex:3)
2026-01-04 11:29:27,164 [INFO] PluginManage:310 - Check plugin thirdparty
2026-01-04 11:29:27,297 [WARN] IntegrityCheckThread:84 - waiting for thirdparty lock release [integrity check]
2026-01-04 11:29:27,297 [INFO] PluginManage:359 - Loaded plugin thirdparty (category:base,tabindex:-1)
2026-01-04 11:29:27,297 [INFO] IntegrityCheckThread:86 - entering critical section [integrity check]
2026-01-04 11:29:27,297 [INFO] PluginManage:310 - Check plugin tools
2026-01-04 11:29:27,297 [INFO] ThirdPartyUpdaterWithRetryManager:70 - Updater plugin not ready yet. [1/15]
2026-01-04 11:29:27,300 [INFO] PluginManage:359 - Loaded plugin tools (category:base,tabindex:7)
2026-01-04 11:29:27,300 [INFO] PluginManage:310 - Check plugin tutovideos
2026-01-04 11:29:27,485 [INFO] PluginManage:359 - Loaded plugin tutovideos (category:base,tabindex:-1)
2026-01-04 11:29:27,485 [INFO] PluginManage:310 - Check plugin updater
2026-01-04 11:29:27,507 [INFO] PluginManage:359 - Loaded plugin updater (category:base,tabindex:12)
2026-01-04 11:29:27,507 [INFO] PluginManage:310 - Check plugin userauth
2026-01-04 11:29:27,512 [INFO] UserAuth:118 - Init User Auth plugin
2026-01-04 11:29:27,513 [INFO] PluginManage:359 - Loaded plugin userauth (category:base,tabindex:14)
2026-01-04 11:29:27,513 [INFO] PluginManage:283 - PluginManage : Loaded plugins [18]
2026-01-04 11:29:27,766 [INFO] PinOutPanel:1589 - setPackage(No Configuration,No Configuration)
2026-01-04 11:29:27,864 [INFO] CADModel:165 - CPN selected for project level
2026-01-04 11:29:27,864 [INFO] CADModel:114 - Register for checkConnection events
2026-01-04 11:29:27,877 [INFO] IPUIPlugin:80 - create IPUIPlugin
2026-01-04 11:29:27,878 [INFO] PluginManager:220 - loadIPPluginJar : add adc
2026-01-04 11:29:27,880 [INFO] IPUIPlugin:80 - create IPUIPlugin
2026-01-04 11:29:27,880 [INFO] PluginManager:220 - loadIPPluginJar : add aes
2026-01-04 11:29:27,882 [INFO] IPUIPlugin:80 - create IPUIPlugin
2026-01-04 11:29:27,882 [INFO] PluginManager:220 - loadIPPluginJar : add can
2026-01-04 11:29:27,883 [INFO] IPUIPlugin:80 - create IPUIPlugin
2026-01-04 11:29:27,884 [INFO] PluginManager:220 - loadIPPluginJar : add comp
2026-01-04 11:29:27,885 [INFO] IPUIPlugin:80 - create IPUIPlugin
2026-01-04 11:29:27,885 [INFO] PluginManager:220 - loadIPPluginJar : add cryp
2026-01-04 11:29:27,887 [INFO] IPUIPlugin:80 - create IPUIPlugin
2026-01-04 11:29:27,887 [INFO] PluginManager:220 - loadIPPluginJar : add ddr_ctrl_phy
2026-01-04 11:29:27,888 [INFO] IPUIPlugin:80 - create IPUIPlugin
2026-01-04 11:29:27,889 [INFO] PluginManager:220 - loadIPPluginJar : add dfsdm
2026-01-04 11:29:27,894 [INFO] IPUIPlugin:80 - create IPUIPlugin
2026-01-04 11:29:27,894 [INFO] PluginManager:220 - loadIPPluginJar : add dma
2026-01-04 11:29:27,896 [INFO] IPUIPlugin:80 - create IPUIPlugin
2026-01-04 11:29:27,896 [INFO] PluginManager:220 - loadIPPluginJar : add dma3
2026-01-04 11:29:27,899 [INFO] IPUIPlugin:80 - create IPUIPlugin
2026-01-04 11:29:27,899 [INFO] PluginManager:220 - loadIPPluginJar : add extmemmanager
2026-01-04 11:29:27,900 [INFO] IPUIPlugin:80 - create IPUIPlugin
2026-01-04 11:29:27,900 [INFO] PluginManager:220 - loadIPPluginJar : add fatfs
2026-01-04 11:29:27,903 [INFO] IPUIPlugin:80 - create IPUIPlugin
2026-01-04 11:29:27,903 [INFO] PluginManager:220 - loadIPPluginJar : add fmc
2026-01-04 11:29:27,909 [INFO] IPUIPlugin:80 - create IPUIPlugin
2026-01-04 11:29:27,909 [INFO] PluginManager:220 - loadIPPluginJar : add freertos
2026-01-04 11:29:27,911 [INFO] IPUIPlugin:80 - create IPUIPlugin
2026-01-04 11:29:27,911 [INFO] PluginManager:220 - loadIPPluginJar : add genericplugin
2026-01-04 11:29:27,913 [INFO] IPUIPlugin:80 - create IPUIPlugin
2026-01-04 11:29:27,913 [INFO] PluginManager:220 - loadIPPluginJar : add gfxmmu
2026-01-04 11:29:27,917 [INFO] IPUIPlugin:80 - create IPUIPlugin
2026-01-04 11:29:27,917 [INFO] PluginManager:220 - loadIPPluginJar : add gic
2026-01-04 11:29:27,921 [INFO] IPUIPlugin:80 - create IPUIPlugin
2026-01-04 11:29:27,921 [INFO] PluginManager:220 - loadIPPluginJar : add gpio
2026-01-04 11:29:27,924 [INFO] IPUIPlugin:80 - create IPUIPlugin
2026-01-04 11:29:27,924 [INFO] PluginManager:220 - loadIPPluginJar : add gtzc
2026-01-04 11:29:27,927 [INFO] IPUIPlugin:80 - create IPUIPlugin
2026-01-04 11:29:27,927 [INFO] PluginManager:220 - loadIPPluginJar : add hash
2026-01-04 11:29:27,930 [INFO] IPUIPlugin:80 - create IPUIPlugin
2026-01-04 11:29:27,930 [INFO] PluginManager:220 - loadIPPluginJar : add i2c
2026-01-04 11:29:27,933 [INFO] IPUIPlugin:80 - create IPUIPlugin
2026-01-04 11:29:27,933 [INFO] PluginManager:220 - loadIPPluginJar : add i2s
2026-01-04 11:29:27,935 [INFO] IPUIPlugin:80 - create IPUIPlugin
2026-01-04 11:29:27,935 [INFO] PluginManager:220 - loadIPPluginJar : add i3c
2026-01-04 11:29:27,939 [INFO] IPUIPlugin:80 - create IPUIPlugin
2026-01-04 11:29:27,939 [INFO] PluginManager:220 - loadIPPluginJar : add ipddr
2026-01-04 11:29:27,946 [INFO] IPUIPlugin:80 - create IPUIPlugin
2026-01-04 11:29:27,946 [INFO] PluginManager:220 - loadIPPluginJar : add linkedlist
2026-01-04 11:29:27,949 [INFO] IPUIPlugin:80 - create IPUIPlugin
2026-01-04 11:29:27,949 [INFO] PluginManager:220 - loadIPPluginJar : add lorawan
2026-01-04 11:29:27,950 [INFO] IPUIPlugin:80 - create IPUIPlugin
2026-01-04 11:29:27,950 [INFO] PluginManager:220 - loadIPPluginJar : add ltdc
2026-01-04 11:29:27,954 [INFO] IPUIPlugin:80 - create IPUIPlugin
2026-01-04 11:29:27,954 [INFO] PluginManager:220 - loadIPPluginJar : add mdma
2026-01-04 11:29:27,959 [INFO] IPUIPlugin:80 - create IPUIPlugin
2026-01-04 11:29:27,959 [INFO] PluginManager:220 - loadIPPluginJar : add nvic
2026-01-04 11:29:27,962 [INFO] IPUIPlugin:80 - create IPUIPlugin
2026-01-04 11:29:27,962 [INFO] PluginManager:220 - loadIPPluginJar : add opamp
2026-01-04 11:29:27,964 [INFO] IPUIPlugin:80 - create IPUIPlugin
2026-01-04 11:29:27,965 [INFO] PluginManager:220 - loadIPPluginJar : add openamp
2026-01-04 11:29:27,967 [INFO] IPUIPlugin:80 - create IPUIPlugin
2026-01-04 11:29:27,967 [INFO] PluginManager:220 - loadIPPluginJar : add pdm2pcm
2026-01-04 11:29:27,972 [INFO] IPUIPlugin:80 - create IPUIPlugin
2026-01-04 11:29:27,977 [INFO] PluginManager:220 - loadIPPluginJar : add plateformsettings
2026-01-04 11:29:27,978 [INFO] IPUIPlugin:80 - create IPUIPlugin
2026-01-04 11:29:27,978 [INFO] PluginManager:220 - loadIPPluginJar : add quadspi
2026-01-04 11:29:27,979 [INFO] IPUIPlugin:80 - create IPUIPlugin
2026-01-04 11:29:27,980 [INFO] PluginManager:220 - loadIPPluginJar : add radio
2026-01-04 11:29:27,983 [INFO] IPUIPlugin:80 - create IPUIPlugin
2026-01-04 11:29:27,983 [INFO] PluginManager:220 - loadIPPluginJar : add resmgrutility
2026-01-04 11:29:27,985 [INFO] IPUIPlugin:80 - create IPUIPlugin
2026-01-04 11:29:27,985 [INFO] PluginManager:220 - loadIPPluginJar : add sai
2026-01-04 11:29:27,987 [INFO] IPUIPlugin:80 - create IPUIPlugin
2026-01-04 11:29:27,987 [INFO] PluginManager:220 - loadIPPluginJar : add spi
2026-01-04 11:29:27,994 [INFO] IPUIPlugin:80 - create IPUIPlugin
2026-01-04 11:29:27,994 [INFO] PluginManager:220 - loadIPPluginJar : add stm32_wpan
2026-01-04 11:29:27,996 [INFO] IPUIPlugin:80 - create IPUIPlugin
2026-01-04 11:29:27,996 [INFO] PluginManager:220 - loadIPPluginJar : add tim
2026-01-04 11:29:27,998 [INFO] IPUIPlugin:80 - create IPUIPlugin
2026-01-04 11:29:27,998 [INFO] PluginManager:220 - loadIPPluginJar : add touchsensing
2026-01-04 11:29:28,000 [INFO] IPUIPlugin:80 - create IPUIPlugin
2026-01-04 11:29:28,000 [INFO] PluginManager:220 - loadIPPluginJar : add tracer_emb
2026-01-04 11:29:28,001 [INFO] IPUIPlugin:80 - create IPUIPlugin
2026-01-04 11:29:28,002 [INFO] PluginManager:220 - loadIPPluginJar : add ts
2026-01-04 11:29:28,003 [INFO] IPUIPlugin:80 - create IPUIPlugin
2026-01-04 11:29:28,003 [INFO] PluginManager:220 - loadIPPluginJar : add tsc
2026-01-04 11:29:28,006 [INFO] IPUIPlugin:80 - create IPUIPlugin
2026-01-04 11:29:28,006 [INFO] PluginManager:220 - loadIPPluginJar : add ucpd
2026-01-04 11:29:28,008 [INFO] IPUIPlugin:80 - create IPUIPlugin
2026-01-04 11:29:28,009 [INFO] PluginManager:220 - loadIPPluginJar : add usart
2026-01-04 11:29:28,011 [INFO] IPUIPlugin:80 - create IPUIPlugin
2026-01-04 11:29:28,012 [INFO] PluginManager:220 - loadIPPluginJar : add usbx
2026-01-04 11:29:28,145 [FATAL] Updater:351 - Updater called before beeing initialized
2026-01-04 11:29:28,192 [INFO] RulesReader:64 - Compatibility file has been processed (317 Rules)
2026-01-04 11:29:28,204 [INFO] RulesReader:64 - Compatibility file has been processed (317 Rules)
2026-01-04 11:29:28,218 [INFO] CADModel:165 - CPN selected for project level
2026-01-04 11:29:28,218 [INFO] CADModel:114 - Register for checkConnection events
2026-01-04 11:29:28,218 [FATAL] Updater:351 - Updater called before beeing initialized
2026-01-04 11:29:28,218 [ERROR] CADModel:125 - Updater not yet initialized, retry later 
2026-01-04 11:29:28,374 [FATAL] Updater:351 - Updater called before beeing initialized
2026-01-04 11:29:28,376 [INFO] CADModel:165 - CPN selected for project level
2026-01-04 11:29:28,376 [INFO] CADModel:114 - Register for checkConnection events
2026-01-04 11:29:28,376 [FATAL] Updater:351 - Updater called before beeing initialized
2026-01-04 11:29:28,376 [ERROR] CADModel:125 - Updater not yet initialized, retry later 
2026-01-04 11:29:28,379 [FATAL] Updater:351 - Updater called before beeing initialized
2026-01-04 11:29:28,515 [FATAL] Updater:351 - Updater called before beeing initialized
2026-01-04 11:29:28,521 [INFO] DbMcusAds:53 - JSON generation date=Mon Dec 15 17:11:46 CST 2025 (1765840306710)
2026-01-04 11:29:28,522 [FATAL] Updater:351 - Updater called before beeing initialized
2026-01-04 11:29:28,561 [WARN] DetailPanel:346 - Failed to get advertising image, set to default
2026-01-04 11:29:28,653 [FATAL] Updater:351 - Updater called before beeing initialized
2026-01-04 11:29:28,654 [FATAL] Updater:351 - Updater called before beeing initialized
2026-01-04 11:29:28,654 [FATAL] Updater:351 - Updater called before beeing initialized
2026-01-04 11:29:28,654 [WARN] DetailPanel:346 - Failed to get advertising image, set to default
2026-01-04 11:29:28,655 [FATAL] Updater:351 - Updater called before beeing initialized
2026-01-04 11:29:28,701 [ERROR] Updater:1198 - MainUpdater not yet initialized. External WinMGr cannot be set.
2026-01-04 11:29:28,702 [INFO] Updater:1134 - Updater Version found : 6.15.0
2026-01-04 11:29:28,716 [INFO] ApplicationProperties:184 - Using Application install path: C:\ST\STM32CubeIDE_1.19.0\STM32CubeIDE\plugins\com.st.stm32cube.common.mx_6.15.0.202507011659
2026-01-04 11:29:30,288 [ERROR] LogOutputStream:75 - [STDERR_REDIRECT] Jan 04, 2026 11:29:30 AM java.util.prefs.WindowsPreferences <init>
2026-01-04 11:29:30,290 [ERROR] LogOutputStream:75 - [STDERR_REDIRECT] WARNING: Could not open/create prefs root node Software\JavaSoft\Prefs at root 0xffffffff80000002. Windows RegCreateKeyEx(...) returned error code 5.
2026-01-04 11:29:30,290 [ERROR] LogOutputStream:75 - [STDERR_REDIRECT] 
2026-01-04 11:29:30,298 [INFO] ThirdPartyUpdaterWithRetryManager:70 - Updater plugin not ready yet. [2/15]
2026-01-04 11:29:30,726 [INFO] MainUpdater:2872 - connection check result : 10
2026-01-04 11:29:30,727 [INFO] MainUpdater:289 - Updater Check For Update Now.
2026-01-04 11:29:30,727 [INFO] MicroXplorer:498 - Change Database Version : DB.6.0.150
2026-01-04 11:29:30,740 [INFO] McuFinderGlobals:63 - Set McuFinder mode to 2 (CubeIDE integrated)
2026-01-04 11:29:30,743 [INFO] UserAuth:487 - Internet connection configuration mode: 1
2026-01-04 11:29:30,778 [INFO] JxBrowserEngine:152 - Initiate JxBrowser Engine with user profile folder
2026-01-04 11:29:31,007 [INFO] CheckServerUpdateThread:120 - End of CheckServer Thread
2026-01-04 11:29:32,019 [INFO] WebApp:169 - Instantiating new browser for Auth
2026-01-04 11:29:33,168 [INFO] WebApp:463 - Apply proxy settings
2026-01-04 11:29:33,168 [INFO] WebApp:548 - Chromium requires no authentication
2026-01-04 11:29:33,180 [INFO] WebApp:491 - Direct internet connection detected
2026-01-04 11:29:33,215 [INFO] WebApp:900 - Register for checkConnection events
2026-01-04 11:29:33,215 [INFO] WebApp:463 - Apply proxy settings
2026-01-04 11:29:33,215 [INFO] WebApp:548 - Chromium requires no authentication
2026-01-04 11:29:33,216 [INFO] WebApp:491 - Direct internet connection detected
2026-01-04 11:29:33,541 [INFO] WebApp:191 - Connection restablished
2026-01-04 11:29:33,589 [INFO] WebApp:225 - Starting web application
2026-01-04 11:29:33,589 [INFO] WebApp:593 - Web application path used C:\ST\STM32CubeIDE_1.19.0\STM32CubeIDE\plugins\com.st.stm32cube.common.mx_6.15.0.202507011659\db\plugins\mcufinder\reactClient1\index.html
2026-01-04 11:29:33,804 [INFO] UserAuth:487 - Internet connection configuration mode: 1
2026-01-04 11:29:33,826 [WARN] PackLoader:240 - Cannot read IP mode file for STMicroelectronics.FP-SNS-MOTENVWB1.1.4.0
2026-01-04 11:29:33,851 [WARN] PackLoader:240 - Cannot read IP mode file for STMicroelectronics.FP-ATR-ASTRA1.2.0.2
2026-01-04 11:29:33,887 [WARN] PackLoader:240 - Cannot read IP mode file for STMicroelectronics.X-CUBE-SMBUS.2.1.0
2026-01-04 11:29:33,900 [WARN] PackLoader:240 - Cannot read IP mode file for STMicroelectronics.X-CUBE-ST60.1.0.0
2026-01-04 11:29:33,982 [WARN] PackLoader:240 - Cannot read IP mode file for STMicroelectronics.X-CUBE-AZRTOS-F7.1.1.0
2026-01-04 11:29:33,999 [WARN] PackLoader:240 - Cannot read IP mode file for Cesanta.I-CUBE-Mongoose.7.19.0
2026-01-04 11:29:34,008 [WARN] PackLoader:240 - Cannot read IP mode file for STMicroelectronics.FP-SNS-MOTENV1.5.1.0
2026-01-04 11:29:34,039 [WARN] PackLoader:240 - Cannot read IP mode file for WES.I-CUBE-Cesium.1.4.0
2026-01-04 11:29:34,105 [WARN] PackLoader:240 - Cannot read IP mode file for Infineon.AIROC-Wi-Fi-Bluetooth-STM32.1.7.1
2026-01-04 11:29:34,175 [WARN] PackLoader:240 - Cannot read IP mode file for STMicroelectronics.X-CUBE-AZRTOS-H7.3.4.0
2026-01-04 11:29:34,193 [WARN] PackLoader:240 - Cannot read IP mode file for STMicroelectronics.X-CUBE-DISPLAY.3.0.0
2026-01-04 11:29:34,223 [WARN] PackLoader:240 - Cannot read IP mode file for STMicroelectronics.X-CUBE-NFC10.1.0.0
2026-01-04 11:29:34,237 [WARN] PackLoader:240 - Cannot read IP mode file for STMicroelectronics.X-CUBE-ST60.1.1.0
2026-01-04 11:29:34,249 [WARN] PackLoader:240 - Cannot read IP mode file for emotas.I-CUBE-CANOPEN.1.3.0
2026-01-04 11:29:34,259 [WARN] PackLoader:240 - Cannot read IP mode file for STMicroelectronics.X-CUBE-GNSS1.7.1.0
2026-01-04 11:29:34,272 [WARN] PackLoader:240 - Cannot read IP mode file for STMicroelectronics.FP-SNS-STBOX1.2.1.0
2026-01-04 11:29:34,288 [WARN] PackLoader:240 - Cannot read IP mode file for STMicroelectronics.FP-SNS-SMARTAG2.1.2.0
2026-01-04 11:29:34,296 [WARN] PackLoader:240 - Cannot read IP mode file for STMicroelectronics.FP-SNS-FLIGHT1.5.1.0
2026-01-04 11:29:34,330 [INFO] LogOutputStream:77 - [STDOUT_REDIRECT] 1 : Invalid condition id : UX_CORESTACK_Condition cause : null
2026-01-04 11:29:34,332 [INFO] LogOutputStream:77 - [STDOUT_REDIRECT] 1 : Invalid condition id : UX_CORESTACK_Condition cause : null
2026-01-04 11:29:34,336 [INFO] LogOutputStream:77 - [STDOUT_REDIRECT] 1 : Invalid condition id : UX_CORESTACK_Condition cause : null
2026-01-04 11:29:34,340 [INFO] LogOutputStream:77 - [STDOUT_REDIRECT] 1 : Invalid condition id : UX_CORESTACK_Condition cause : null
2026-01-04 11:29:34,342 [INFO] LogOutputStream:77 - [STDOUT_REDIRECT] 1 : Invalid condition id : UX_CORESTACK_Condition cause : null
2026-01-04 11:29:34,347 [WARN] PackLoader:240 - Cannot read IP mode file for STMicroelectronics.X-CUBE-AZRTOS-WL.2.0.0
2026-01-04 11:29:34,357 [WARN] PackLoader:240 - Cannot read IP mode file for STMicroelectronics.FP-SNS-MOTENV1.5.0.0
2026-01-04 11:29:34,432 [WARN] PackLoader:240 - Cannot read IP mode file for STMicroelectronics.X-CUBE-AZRTOS-H7RS.1.2.0
2026-01-04 11:29:34,445 [WARN] PackLoader:240 - Cannot read IP mode file for STMicroelectronics.X-CUBE-BLE2.3.3.0
2026-01-04 11:29:34,483 [WARN] PackLoader:240 - Cannot read IP mode file for STMicroelectronics.X-CUBE-NFC9.1.0.0
2026-01-04 11:29:34,496 [WARN] PackLoader:240 - Cannot read IP mode file for wolfSSL.I-CUBE-wolfSSL.5.8.2
2026-01-04 11:29:34,507 [WARN] PackLoader:240 - Cannot read IP mode file for STMicroelectronics.X-CUBE-BLE1.7.1.0
2026-01-04 11:29:34,512 [WARN] PackLoader:240 - Cannot read IP mode file for wolfSSL.I-CUBE-wolfMQTT.1.19.2
2026-01-04 11:29:34,524 [WARN] PackLoader:240 - Cannot read IP mode file for STMicroelectronics.X-CUBE-FREERTOS.1.4.0
2026-01-04 11:29:34,536 [WARN] PackLoader:240 - Cannot read IP mode file for STMicroelectronics.X-CUBE-EEPRMA1.5.2.0
2026-01-04 11:29:34,548 [WARN] PackLoader:240 - Cannot read IP mode file for STMicroelectronics.X-CUBE-ST67W61.1.1.0
2026-01-04 11:29:34,647 [WARN] PackLoader:240 - Cannot read IP mode file for STMicroelectronics.X-CUBE-MEMS1.12.0.0
2026-01-04 11:29:34,829 [WARN] PackLoader:240 - Cannot read IP mode file for STMicroelectronics.X-CUBE-AZRTOS-G0.1.1.0
2026-01-04 11:29:34,844 [WARN] PackLoader:240 - Cannot read IP mode file for STMicroelectronics.X-CUBE-SAFEA1.1.2.2
2026-01-04 11:29:34,856 [WARN] PackLoader:240 - Cannot read IP mode file for STMicroelectronics.X-CUBE-NFC4.3.0.0
2026-01-04 11:29:34,874 [WARN] PackLoader:240 - Cannot read IP mode file for EmbeddedOffice.I-CUBE-FS-RTOS.1.0.1
2026-01-04 11:29:34,884 [WARN] PackLoader:240 - Cannot read IP mode file for STMicroelectronics.X-CUBE-WB05N.2.0.0
2026-01-04 11:29:34,893 [WARN] PackLoader:240 - Cannot read IP mode file for wolfSSL.I-CUBE-wolfTPM.3.8.0
2026-01-04 11:29:34,905 [WARN] PackLoader:240 - Cannot read IP mode file for STMicroelectronics.X-CUBE-TCPP.4.2.0
2026-01-04 11:29:34,928 [WARN] PackLoader:240 - Cannot read IP mode file for RealThread.X-CUBE-RT-Thread_Nano.4.1.1
2026-01-04 11:29:34,937 [WARN] PackLoader:240 - Cannot read IP mode file for STMicroelectronics.FP-ATR-SIGFOX1.3.2.0
2026-01-04 11:29:34,947 [WARN] PackLoader:240 - Cannot read IP mode file for ITTIA_DB.I-CUBE-ITTIADB.8.9.0
2026-01-04 11:29:34,959 [WARN] PackLoader:240 - Cannot read IP mode file for STMicroelectronics.X-CUBE-ST67W61.1.0.0
2026-01-04 11:29:34,972 [WARN] PackLoader:240 - Cannot read IP mode file for STMicroelectronics.X-CUBE-AI.10.2.0
2026-01-04 11:29:35,048 [WARN] PackLoader:240 - Cannot read IP mode file for SEGGER.I-CUBE-embOS.1.3.1
2026-01-04 11:29:35,185 [WARN] PackLoader:240 - Cannot read IP mode file for STMicroelectronics.X-CUBE-ALGOBUILD.1.4.0
2026-01-04 11:29:35,279 [WARN] PackLoader:240 - Cannot read IP mode file for STMicroelectronics.X-CUBE-MEMS1.11.3.0
2026-01-04 11:29:35,471 [WARN] PackLoader:240 - Cannot read IP mode file for STMicroelectronics.X-CUBE-PM33A1.1.0.0
2026-01-04 11:29:35,504 [WARN] PackLoader:240 - Cannot read IP mode file for STMicroelectronics.X-CUBE-AZRTOS-F4.1.1.0
2026-01-04 11:29:35,514 [WARN] PackLoader:240 - Cannot read IP mode file for STMicroelectronics.X-CUBE-ISPU.2.1.0
2026-01-04 11:29:35,536 [WARN] PackLoader:240 - Cannot read IP mode file for STMicroelectronics.X-CUBE-IPS.3.2.0
2026-01-04 11:29:35,552 [WARN] PackLoader:240 - Cannot read IP mode file for STMicroelectronics.X-CUBE-NFC12.1.0.0
2026-01-04 11:29:35,577 [WARN] PackLoader:240 - Cannot read IP mode file for STMicroelectronics.X-CUBE-AZRTOS-L5.2.0.0
2026-01-04 11:29:35,591 [WARN] PackLoader:240 - Cannot read IP mode file for STMicroelectronics.X-CUBE-NFC6.3.1.0
2026-01-04 11:29:35,605 [WARN] PackLoader:240 - Cannot read IP mode file for STMicroelectronics.X-CUBE-FREERTOS.1.3.1
2026-01-04 11:29:35,612 [WARN] PackLoader:240 - Cannot read IP mode file for STMicroelectronics.X-CUBE-TOUCHGFX.4.26.0
2026-01-04 11:29:35,622 [WARN] PackLoader:240 - Cannot read IP mode file for STMicroelectronics.FP-SNS-STAIOTCFT.1.0.0
2026-01-04 11:29:35,630 [WARN] PackLoader:240 - Cannot read IP mode file for STMicroelectronics.X-CUBE-DPower.1.3.0
2026-01-04 11:29:35,661 [WARN] ConditionMgr:438 - getConditionDescription Invalid condition id : LAN8742 Phy interface Condition cause : null
2026-01-04 11:29:35,662 [WARN] PackLoader:240 - Cannot read IP mode file for STMicroelectronics.X-CUBE-AZRTOS-L4.2.0.0
2026-01-04 11:29:35,664 [WARN] ConditionMgr:1044 - genDependencies : Invalid condition id : LAN8742 Phy interface Condition cause : null
2026-01-04 11:29:35,664 [WARN] ConditionMgr:1044 - genDependencies : Invalid condition id : LAN8742 Phy interface Condition cause : null
2026-01-04 11:29:35,665 [WARN] ConditionMgr:1044 - genDependencies : Invalid condition id : LAN8742 Phy interface Condition cause : null
2026-01-04 11:29:35,678 [WARN] PackLoader:240 - Cannot read IP mode file for STMicroelectronics.X-CUBE-SFXS2LP1.4.0.0
2026-01-04 11:29:35,697 [WARN] PackLoader:240 - Cannot read IP mode file for STMicroelectronics.X-CUBE-BLEMGR.4.1.0
2026-01-04 11:29:35,724 [WARN] ConditionMgr:438 - getConditionDescription Invalid condition id : UX DEVICE CLASS RTOS Condition cause : null
2026-01-04 11:29:35,725 [WARN] ConditionMgr:438 - getConditionDescription Invalid condition id : UX DEVICE CLASS RTOS Condition cause : null
2026-01-04 11:29:35,728 [WARN] PackLoader:240 - Cannot read IP mode file for STMicroelectronics.X-CUBE-AZRTOS-WB.2.0.0
2026-01-04 11:29:35,729 [WARN] ConditionMgr:1044 - genDependencies : Invalid condition id : UX DEVICE CLASS RTOS Condition cause : null
2026-01-04 11:29:35,729 [WARN] ConditionMgr:1044 - genDependencies : Invalid condition id : UX DEVICE CLASS RTOS Condition cause : null
2026-01-04 11:29:35,730 [WARN] ConditionMgr:1044 - genDependencies : Invalid condition id : UX DEVICE CLASS RTOS Condition cause : null
2026-01-04 11:29:35,731 [WARN] ConditionMgr:1044 - genDependencies : Invalid condition id : UX DEVICE CLASS RTOS Condition cause : null
2026-01-04 11:29:35,731 [WARN] ConditionMgr:1044 - genDependencies : Invalid condition id : UX DEVICE CLASS RTOS Condition cause : null
2026-01-04 11:29:35,738 [WARN] PackLoader:240 - Cannot read IP mode file for STMicroelectronics.X-CUBE-GNSS1.7.0.1
2026-01-04 11:29:35,745 [WARN] ConditionMgr:438 - getConditionDescription Invalid condition id : Cortex-A Device cause : null
2026-01-04 11:29:35,759 [WARN] ConditionMgr:1044 - genDependencies : Invalid condition id : Cortex-A Device cause : null
2026-01-04 11:29:35,759 [WARN] ConditionMgr:1044 - genDependencies : Invalid condition id : Cortex-A Device cause : null
2026-01-04 11:29:35,760 [WARN] ConditionMgr:1044 - genDependencies : Invalid condition id : Cortex-A Device cause : null
2026-01-04 11:29:35,776 [WARN] PackLoader:240 - Cannot read IP mode file for STMicroelectronics.X-CUBE-SUBG2.5.0.0
2026-01-04 11:29:35,826 [WARN] PackLoader:240 - Cannot read IP mode file for STMicroelectronics.X-CUBE-AZRTOS-H7RS.1.1.0
2026-01-04 11:29:35,853 [WARN] PackLoader:240 - Cannot read IP mode file for STMicroelectronics.X-CUBE-AZRTOS-G4.2.0.0
2026-01-04 11:29:35,862 [WARN] PackLoader:240 - Cannot read IP mode file for wolfSSL.I-CUBE-wolfSSH.1.4.20
2026-01-04 11:29:35,871 [WARN] PackLoader:240 - Cannot read IP mode file for STMicroelectronics.X-CUBE-NFC7.2.0.0
2026-01-04 11:29:35,891 [WARN] PackLoader:240 - Cannot read IP mode file for STMicroelectronics.X-CUBE-IPS.3.1.0
2026-01-04 11:29:35,906 [WARN] PackLoader:240 - Cannot read IP mode file for STMicroelectronics.X-CUBE-ALS.1.0.2
2026-01-04 11:29:35,917 [WARN] PackLoader:240 - Cannot read IP mode file for STMicroelectronics.X-CUBE-STSE01.1.0.0
2026-01-04 11:29:35,939 [WARN] PackLoader:240 - Cannot read IP mode file for STMicroelectronics.X-CUBE-TOF1.3.4.3
2026-01-04 11:29:35,957 [INFO] ThirdParty:978 - Integrity check success = true
2026-01-04 11:29:35,957 [INFO] IntegrityCheckThread:100 - exiting critical section [integrity check]
2026-01-04 11:29:35,957 [INFO] IntegrityCheckThread:103 - End integrity checks thread
2026-01-04 11:29:42,141 [ERROR] LogOutputStream:75 - [STDERR_REDIRECT] 
